Using pre-set license
Built from '2020.2/release' branch; Version is '2020.2.4f1 (becced5a802b) revision 12504301'; Using compiler version '192528614'; Build Type 'Release'
OS: 'Windows 10 Pro; OS build 19042.804; Version 2009; 64bit' Language: 'es' Physical Memory: 6092 MB
BatchMode: 1, IsHumanControllingUs: 0, StartBugReporterOnCrash: 0, Is64bit: 1, IsPro: 0

 COMMAND LINE ARGUMENTS:
C:\Program Files\Unity\Hub\Editor\2020.2.4f1\Editor\Unity.exe
-adb2
-batchMode
-noUpm
-name
AssetImportWorker0
-projectPath
C:/Users/USER/Documents/Tareas/2 Semestre/AlgebraLineal/Unity/MateROJO
-logFile
Logs/AssetImportWorker0.log
-srvPort
65058
Successfully changed project path to: C:/Users/USER/Documents/Tareas/2 Semestre/AlgebraLineal/Unity/MateROJO
C:/Users/USER/Documents/Tareas/2 Semestre/AlgebraLineal/Unity/MateROJO
Using Asset Import Pipeline V2.
Refreshing native plugins compatible for Editor in 30.71 ms, found 0 plugins.
Preloading 0 native plugins for Editor in 0.00 ms.
Initialize engine version: 2020.2.4f1 (becced5a802b)
[Subsystems] Discovering subsystems at path C:/Program Files/Unity/Hub/Editor/2020.2.4f1/Editor/Data/Resources/UnitySubsystems
[Subsystems] Discovering subsystems at path C:/Users/USER/Documents/Tareas/2 Semestre/AlgebraLineal/Unity/MateROJO/Assets
GfxDevice: creating device client; threaded=0
Direct3D:
    Version:  Direct3D 11.0 [level 11.1]
    Renderer: AMD Radeon(TM) Vega 8 Graphics (ID=0x15d8)
    Vendor:   
    VRAM:     3046 MB
    Driver:   27.20.11044.7
Initialize mono
Mono path[0] = 'C:/Program Files/Unity/Hub/Editor/2020.2.4f1/Editor/Data/Managed'
Mono path[1] = 'C:/Program Files/Unity/Hub/Editor/2020.2.4f1/Editor/Data/MonoBleedingEdge/lib/mono/unityjit'
Mono config path = 'C:/Program Files/Unity/Hub/Editor/2020.2.4f1/Editor/Data/MonoBleedingEdge/etc'
Using monoOptions --debugger-agent=transport=dt_socket,embedding=1,server=y,suspend=n,address=127.0.0.1:56916
Begin MonoManager ReloadAssembly
Registering precompiled unity dll's ...
Register platform support module: C:/Program Files/Unity/Hub/Editor/2020.2.4f1/Editor/Data/PlaybackEngines/WindowsStandaloneSupport/UnityEditor.WindowsStandalone.Extensions.dll
Registered in 0.003050 seconds.
Native extension for WindowsStandalone target not found
Refreshing native plugins compatible for Editor in 29.48 ms, found 0 plugins.
Preloading 0 native plugins for Editor in 0.00 ms.
Invoked RoslynAnalysisRunner static constructor.
RoslynAnalysisRunner will not be running.
RoslynAnalysisRunner has terminated.
Mono: successfully reloaded assembly
- Completed reload, in  5.571 seconds
Platform modules already initialized, skipping
Registering precompiled user dll's ...
Registered in 0.001710 seconds.
Begin MonoManager ReloadAssembly
Native extension for WindowsStandalone target not found
Refreshing native plugins compatible for Editor in 0.24 ms, found 0 plugins.
Preloading 0 native plugins for Editor in 0.00 ms.
Invoked RoslynAnalysisRunner static constructor.
RoslynAnalysisRunner will not be running.
RoslynAnalysisRunner has terminated.
Mono: successfully reloaded assembly
- Completed reload, in  1.228 seconds
Platform modules already initialized, skipping
========================================================================
Worker process is ready to serve import requests
Launched and connected shader compiler UnityShaderCompiler.exe after 0.06 seconds
Refreshing native plugins compatible for Editor in 0.33 ms, found 0 plugins.
Preloading 0 native plugins for Editor in 0.00 ms.
Unloading 1105 Unused Serialized files (Serialized files now loaded: 0)
System memory in use before: 56.8 MB.
System memory in use after: 56.9 MB.

Unloading 10 unused Assets to reduce memory usage. Loaded Objects now: 1546.
Total: 2.454000 ms (FindLiveObjects: 0.205100 ms CreateObjectMapping: 0.062100 ms MarkObjects: 2.074200 ms  DeleteObjects: 0.109800 ms)

========================================================================
Received Import Request.
  path: Assets/Script/Calculadora.cs
  artifactKey: Guid(c586ad09549bb3b4999ad1d0b073a9c8) Importer(815301076,1909f56bfc062723c751e8b465ee728b)
Start importing Assets/Script/Calculadora.cs using Guid(c586ad09549bb3b4999ad1d0b073a9c8) Importer(815301076,1909f56bfc062723c751e8b465ee728b)  -> (artifact id: 'e670ab2899cc2871ab1b4495390076ac') in 0.237183 seconds
  Import took 0.341702 seconds .

========================================================================
Received Prepare
Registering precompiled user dll's ...
Registered in 0.001315 seconds.
Begin MonoManager ReloadAssembly
Native extension for WindowsStandalone target not found
Refreshing native plugins compatible for Editor in 0.24 ms, found 0 plugins.
Preloading 0 native plugins for Editor in 0.00 ms.
Invoked RoslynAnalysisRunner static constructor.
RoslynAnalysisRunner will not be running.
RoslynAnalysisRunner has terminated.
Mono: successfully reloaded assembly
- Completed reload, in  1.185 seconds
Platform modules already initialized, skipping
Refreshing native plugins compatible for Editor in 0.32 ms, found 0 plugins.
Preloading 0 native plugins for Editor in 0.00 ms.
Unloading 1100 Unused Serialized files (Serialized files now loaded: 0)
System memory in use before: 56.8 MB.
System memory in use after: 56.8 MB.

Unloading 5 unused Assets to reduce memory usage. Loaded Objects now: 1548.
Total: 2.493600 ms (FindLiveObjects: 0.181700 ms CreateObjectMapping: 0.032300 ms MarkObjects: 2.141000 ms  DeleteObjects: 0.135800 ms)

========================================================================
Received Import Request.
  Time since last request: 3406.748966 seconds.
  path: Assets/Script/Calculadora.cs
  artifactKey: Guid(c586ad09549bb3b4999ad1d0b073a9c8) Importer(815301076,1909f56bfc062723c751e8b465ee728b)
Start importing Assets/Script/Calculadora.cs using Guid(c586ad09549bb3b4999ad1d0b073a9c8) Importer(815301076,1909f56bfc062723c751e8b465ee728b)  -> (artifact id: '6e69fe1b5561ff90b74573704d7df8e3') in 0.010686 seconds
  Import took 0.041270 seconds .

========================================================================
Received Import Request.
  Time since last request: 312.959473 seconds.
  path: Assets/Script/MetodoCruzado.cs
  artifactKey: Guid(0a28d0977b70ac0468a28fa3f24fe1f8) Importer(815301076,1909f56bfc062723c751e8b465ee728b)
Start importing Assets/Script/MetodoCruzado.cs using Guid(0a28d0977b70ac0468a28fa3f24fe1f8) Importer(815301076,1909f56bfc062723c751e8b465ee728b)  -> (artifact id: 'cce3f39ce40abe11aa3c9bee6f16e6de') in 0.033903 seconds
  Import took 0.068509 seconds .

========================================================================
Received Prepare
Registering precompiled user dll's ...
Registered in 0.000864 seconds.
Begin MonoManager ReloadAssembly
Native extension for WindowsStandalone target not found
Refreshing native plugins compatible for Editor in 0.30 ms, found 0 plugins.
Preloading 0 native plugins for Editor in 0.00 ms.
Invoked RoslynAnalysisRunner static constructor.
RoslynAnalysisRunner will not be running.
RoslynAnalysisRunner has terminated.
Mono: successfully reloaded assembly
- Completed reload, in  1.309 seconds
Platform modules already initialized, skipping
Refreshing native plugins compatible for Editor in 0.27 ms, found 0 plugins.
Preloading 0 native plugins for Editor in 0.00 ms.
Unloading 1101 Unused Serialized files (Serialized files now loaded: 0)
System memory in use before: 56.8 MB.
System memory in use after: 56.9 MB.

Unloading 5 unused Assets to reduce memory usage. Loaded Objects now: 1551.
Total: 14.293300 ms (FindLiveObjects: 0.237800 ms CreateObjectMapping: 0.169700 ms MarkObjects: 13.796800 ms  DeleteObjects: 0.086300 ms)

========================================================================
Received Prepare
Registering precompiled user dll's ...
Registered in 0.001244 seconds.
Begin MonoManager ReloadAssembly
Native extension for WindowsStandalone target not found
Refreshing native plugins compatible for Editor in 0.24 ms, found 0 plugins.
Preloading 0 native plugins for Editor in 0.00 ms.
Invoked RoslynAnalysisRunner static constructor.
RoslynAnalysisRunner will not be running.
RoslynAnalysisRunner has terminated.
Mono: successfully reloaded assembly
- Completed reload, in  1.143 seconds
Platform modules already initialized, skipping
Refreshing native plugins compatible for Editor in 0.23 ms, found 0 plugins.
Preloading 0 native plugins for Editor in 0.00 ms.
Unloading 1101 Unused Serialized files (Serialized files now loaded: 0)
System memory in use before: 56.8 MB.
System memory in use after: 56.9 MB.

Unloading 5 unused Assets to reduce memory usage. Loaded Objects now: 1553.
Total: 2.014400 ms (FindLiveObjects: 0.160000 ms CreateObjectMapping: 0.032900 ms MarkObjects: 1.744700 ms  DeleteObjects: 0.075400 ms)

========================================================================
Received Prepare
Registering precompiled user dll's ...
Registered in 0.000908 seconds.
Begin MonoManager ReloadAssembly
Native extension for WindowsStandalone target not found
Refreshing native plugins compatible for Editor in 0.24 ms, found 0 plugins.
Preloading 0 native plugins for Editor in 0.00 ms.
Invoked RoslynAnalysisRunner static constructor.
RoslynAnalysisRunner will not be running.
RoslynAnalysisRunner has terminated.
Mono: successfully reloaded assembly
- Completed reload, in  1.141 seconds
Platform modules already initialized, skipping
Refreshing native plugins compatible for Editor in 0.23 ms, found 0 plugins.
Preloading 0 native plugins for Editor in 0.00 ms.
Unloading 1101 Unused Serialized files (Serialized files now loaded: 0)
System memory in use before: 56.8 MB.
System memory in use after: 56.9 MB.

Unloading 5 unused Assets to reduce memory usage. Loaded Objects now: 1555.
Total: 1.866100 ms (FindLiveObjects: 0.219000 ms CreateObjectMapping: 0.042000 ms MarkObjects: 1.535100 ms  DeleteObjects: 0.068100 ms)

========================================================================
Received Prepare
Registering precompiled user dll's ...
Registered in 0.000888 seconds.
Begin MonoManager ReloadAssembly
Native extension for WindowsStandalone target not found
Refreshing native plugins compatible for Editor in 0.23 ms, found 0 plugins.
Preloading 0 native plugins for Editor in 0.00 ms.
Invoked RoslynAnalysisRunner static constructor.
RoslynAnalysisRunner will not be running.
RoslynAnalysisRunner has terminated.
Mono: successfully reloaded assembly
- Completed reload, in  1.306 seconds
Platform modules already initialized, skipping
Refreshing native plugins compatible for Editor in 0.66 ms, found 0 plugins.
Preloading 0 native plugins for Editor in 0.00 ms.
Unloading 1101 Unused Serialized files (Serialized files now loaded: 0)
System memory in use before: 56.8 MB.
System memory in use after: 56.9 MB.

Unloading 5 unused Assets to reduce memory usage. Loaded Objects now: 1557.
Total: 2.732100 ms (FindLiveObjects: 0.324300 ms CreateObjectMapping: 0.035800 ms MarkObjects: 2.303300 ms  DeleteObjects: 0.065100 ms)

========================================================================
Received Prepare
Registering precompiled user dll's ...
Registered in 0.001130 seconds.
Begin MonoManager ReloadAssembly
Native extension for WindowsStandalone target not found
Refreshing native plugins compatible for Editor in 0.23 ms, found 0 plugins.
Preloading 0 native plugins for Editor in 0.00 ms.
Invoked RoslynAnalysisRunner static constructor.
RoslynAnalysisRunner will not be running.
RoslynAnalysisRunner has terminated.
Mono: successfully reloaded assembly
- Completed reload, in  0.966 seconds
Platform modules already initialized, skipping
Refreshing native plugins compatible for Editor in 0.24 ms, found 0 plugins.
Preloading 0 native plugins for Editor in 0.00 ms.
Unloading 1101 Unused Serialized files (Serialized files now loaded: 0)
System memory in use before: 56.8 MB.
System memory in use after: 56.9 MB.

Unloading 5 unused Assets to reduce memory usage. Loaded Objects now: 1559.
Total: 3.228900 ms (FindLiveObjects: 0.308500 ms CreateObjectMapping: 0.040400 ms MarkObjects: 2.788000 ms  DeleteObjects: 0.089700 ms)

========================================================================
Received Prepare
Registering precompiled user dll's ...
Registered in 0.004193 seconds.
Begin MonoManager ReloadAssembly
Native extension for WindowsStandalone target not found
Refreshing native plugins compatible for Editor in 0.25 ms, found 0 plugins.
Preloading 0 native plugins for Editor in 0.00 ms.
Invoked RoslynAnalysisRunner static constructor.
RoslynAnalysisRunner will not be running.
RoslynAnalysisRunner has terminated.
Mono: successfully reloaded assembly
- Completed reload, in  1.214 seconds
Platform modules already initialized, skipping
Refreshing native plugins compatible for Editor in 0.24 ms, found 0 plugins.
Preloading 0 native plugins for Editor in 0.00 ms.
Unloading 1101 Unused Serialized files (Serialized files now loaded: 0)
System memory in use before: 56.9 MB.
System memory in use after: 56.9 MB.

Unloading 5 unused Assets to reduce memory usage. Loaded Objects now: 1561.
Total: 1.936300 ms (FindLiveObjects: 0.157700 ms CreateObjectMapping: 0.030300 ms MarkObjects: 1.677600 ms  DeleteObjects: 0.069300 ms)

========================================================================
Received Import Request.
  Time since last request: 3358.954013 seconds.
  path: Assets/Script/MetodoCruzado.cs
  artifactKey: Guid(0a28d0977b70ac0468a28fa3f24fe1f8) Importer(815301076,1909f56bfc062723c751e8b465ee728b)
Start importing Assets/Script/MetodoCruzado.cs using Guid(0a28d0977b70ac0468a28fa3f24fe1f8) Importer(815301076,1909f56bfc062723c751e8b465ee728b)  -> (artifact id: 'e70123ab272f22e5fc3b7d050d0d2549') in 0.039306 seconds
  Import took 0.041999 seconds .

========================================================================
Received Import Request.
  Time since last request: 0.053365 seconds.
  path: Assets/Script/MetodoCruzado.cs
  artifactKey: Guid(0a28d0977b70ac0468a28fa3f24fe1f8) Importer(815301076,1909f56bfc062723c751e8b465ee728b)
Start importing Assets/Script/MetodoCruzado.cs using Guid(0a28d0977b70ac0468a28fa3f24fe1f8) Importer(815301076,1909f56bfc062723c751e8b465ee728b)  -> (artifact id: 'e70123ab272f22e5fc3b7d050d0d2549') in 0.006287 seconds
  Import took 0.057695 seconds .

========================================================================
Received Prepare
Registering precompiled user dll's ...
Registered in 0.001040 seconds.
Begin MonoManager ReloadAssembly
Native extension for WindowsStandalone target not found
Refreshing native plugins compatible for Editor in 0.25 ms, found 0 plugins.
Preloading 0 native plugins for Editor in 0.00 ms.
Invoked RoslynAnalysisRunner static constructor.
RoslynAnalysisRunner will not be running.
RoslynAnalysisRunner has terminated.
Mono: successfully reloaded assembly
- Completed reload, in  0.959 seconds
Platform modules already initialized, skipping
Refreshing native plugins compatible for Editor in 0.23 ms, found 0 plugins.
Preloading 0 native plugins for Editor in 0.00 ms.
Unloading 1099 Unused Serialized files (Serialized files now loaded: 0)
System memory in use before: 56.8 MB.
System memory in use after: 56.9 MB.

Unloading 7 unused Assets to reduce memory usage. Loaded Objects now: 1561.
Total: 2.077500 ms (FindLiveObjects: 0.171900 ms CreateObjectMapping: 0.032500 ms MarkObjects: 1.801100 ms  DeleteObjects: 0.070300 ms)

